Log file open, 04/14/20 10:54:53
LogWindows: Failed to load 'aqProf.dll' (GetLastError=126)
LogWindows: File 'aqProf.dll' does not exist
LogWindows: Failed to load 'VtuneApi.dll' (GetLastError=126)
LogWindows: File 'VtuneApi.dll' does not exist
LogWindows: Failed to load 'VtuneApi32e.dll' (GetLastError=126)
LogWindows: File 'VtuneApi32e.dll' does not exist
LogConsoleResponse: Display: Failed to find resolution value strings in scalability ini. Falling back to default.
LogInit: Display: Running engine for game: PowerOfStorytelling
LogPlatformFile: Not using cached read wrapper
LogTaskGraph: Started task graph with 5 named threads and 11 total threads with 3 sets of task threads.
LogStats: Stats thread started at 2.747909
LogD3D11RHI: Loaded GFSDK_Aftermath_Lib.x64.dll
LogICUInternationalization: ICU TimeZone Detection - Raw Offset: +0:00, Platform Override: ''
LogPluginManager: Mounting plugin Paper2D
LogPluginManager: Mounting plugin AISupport
LogPluginManager: Mounting plugin LightPropagationVolume
LogPluginManager: Mounting plugin ActorLayerUtilities
LogPluginManager: Mounting plugin AnimationSharing
LogPluginManager: Mounting plugin CLionSourceCodeAccess
LogPluginManager: Mounting plugin CodeLiteSourceCodeAccess
LogPluginManager: Mounting plugin GitSourceControl
LogPluginManager: Mounting plugin KDevelopSourceCodeAccess
LogPluginManager: Mounting plugin NullSourceCodeAccess
LogPluginManager: Mounting plugin PerforceSourceControl
LogPluginManager: Mounting plugin SubversionSourceControl
LogPluginManager: Mounting plugin UObjectPlugin
LogPluginManager: Mounting plugin VisualStudioCodeSourceCodeAccess
LogPluginManager: Mounting plugin VisualStudioSourceCodeAccess
LogPluginManager: Mounting plugin XCodeSourceCodeAccess
LogPluginManager: Mounting plugin AssetManagerEditor
LogPluginManager: Mounting plugin CryptoKeys
LogPluginManager: Mounting plugin CurveEditorTools
LogPluginManager: Mounting plugin DataValidation
LogPluginManager: Mounting plugin FacialAnimation
LogPluginManager: Mounting plugin GameplayTagsEditor
LogPluginManager: Mounting plugin MacGraphicsSwitching
LogPluginManager: Mounting plugin MaterialAnalyzer
LogPluginManager: Mounting plugin MobileLauncherProfileWizard
LogPluginManager: Mounting plugin PluginBrowser
LogPluginManager: Mounting plugin SpeedTreeImporter
LogPluginManager: Mounting plugin DatasmithContent
LogPluginManager: Mounting plugin VariantManagerContent
LogPluginManager: Mounting plugin AlembicImporter
LogPluginManager: Mounting plugin AutomationUtils
LogPluginManager: Mounting plugin BackChannel
LogPluginManager: Mounting plugin CharacterAI
LogPluginManager: Mounting plugin GeometryCache
LogPluginManager: Mounting plugin HTML5Networking
LogPluginManager: Mounting plugin PlatformCrypto
LogPluginManager: Mounting plugin ProxyLODPlugin
LogPluginManager: Mounting plugin SkeletalReduction
LogPluginManager: Mounting plugin MagicLeap
LogPluginManager: Mounting plugin MagicLeapMedia
LogPluginManager: Mounting plugin AndroidMedia
LogPluginManager: Mounting plugin AvfMedia
LogPluginManager: Mounting plugin ImgMedia
LogPluginManager: Mounting plugin MediaCompositing
LogPluginManager: Mounting plugin MediaPlayerEditor
LogPluginManager: Mounting plugin WebMMedia
LogPluginManager: Mounting plugin WmfMedia
LogPluginManager: Mounting plugin TcpMessaging
LogPluginManager: Mounting plugin UdpMessaging
LogPluginManager: Mounting plugin ActorSequence
LogPluginManager: Mounting plugin LevelSequenceEditor
LogPluginManager: Mounting plugin MatineeToLevelSequence
LogPluginManager: Mounting plugin NetcodeUnitTest
LogPluginManager: Mounting plugin NUTUnrealEngine4
LogPluginManager: Mounting plugin OnlineSubsystemGooglePlay
LogPluginManager: Mounting plugin OnlineSubsystemIOS
LogPluginManager: Mounting plugin OnlineSubsystem
LogPluginManager: Mounting plugin OnlineSubsystemNull
LogPluginManager: Mounting plugin OnlineSubsystemUtils
LogPluginManager: Mounting plugin LauncherChunkInstaller
LogPluginManager: Mounting plugin AndroidDeviceProfileSelector
LogPluginManager: Mounting plugin AndroidMoviePlayer
LogPluginManager: Mounting plugin AndroidPermission
LogPluginManager: Mounting plugin AppleImageUtils
LogPluginManager: Mounting plugin AppleMoviePlayer
LogPluginManager: Mounting plugin ArchVisCharacter
LogPluginManager: Mounting plugin AudioCapture
LogPluginManager: Mounting plugin CableComponent
LogPluginManager: Mounting plugin CustomMeshComponent
LogPluginManager: Mounting plugin EditableMesh
LogPluginManager: Mounting plugin ExampleDeviceProfileSelector
LogPluginManager: Mounting plugin GoogleCloudMessaging
LogPluginManager: Mounting plugin IOSDeviceProfileSelector
LogPluginManager: Mounting plugin LinuxDeviceProfileSelector
LogPluginManager: Mounting plugin LocationServicesBPLibrary
LogPluginManager: Mounting plugin MobilePatchingUtils
LogPluginManager: Mounting plugin OculusVR
LogPluginManager: Mounting plugin PhysXVehicles
LogPluginManager: Mounting plugin ProceduralMeshComponent
LogPluginManager: Mounting plugin RuntimePhysXCooking
LogPluginManager: Mounting plugin SignificanceManager
LogPluginManager: Mounting plugin SteamVR
LogPluginManager: Mounting plugin WebMMoviePlayer
LogPluginManager: Mounting plugin WindowsMoviePlayer
LogPluginManager: Mounting plugin ScreenshotTools
LogInit: Using libcurl 7.55.1-DEV
LogInit:  - built for x86_64-pc-win32
LogInit:  - supports SSL with OpenSSL/1.1.1
LogInit:  - supports HTTP deflate (compression) using libz 1.2.8
LogInit:  - other features:
LogInit:      CURL_VERSION_SSL
LogInit:      CURL_VERSION_LIBZ
LogInit:      CURL_VERSION_IPV6
LogInit:      CURL_VERSION_ASYNCHDNS
LogInit:      CURL_VERSION_LARGEFILE
LogInit:      CURL_VERSION_IDN
LogInit:  CurlRequestOptions (configurable via config and command line):
LogInit:  - bVerifyPeer = true  - Libcurl will verify peer certificate
LogInit:  - bUseHttpProxy = false  - Libcurl will NOT use HTTP proxy
LogInit:  - bDontReuseConnections = false  - Libcurl will reuse connections
LogInit:  - MaxHostConnections = 16  - Libcurl will limit the number of connections to a host
LogInit:  - LocalHostAddr = Default
LogInit:  - BufferSize = 65536
LogOnline: OSS: Creating online subsystem instance for: NULL
LogInit: WinSock: version 1.1 (2.2), MaxSocks=32767, MaxUdp=65467
LogInit: Build: ++UE4+Release-4.23-CL-9631420
LogInit: Engine Version: 4.23.1-9631420+++UE4+Release-4.23
LogInit: Compatible Engine Version: 4.23.0-8386587+++UE4+Release-4.23
LogInit: Net CL: 8386587
LogInit: OS: Windows 10 (Release 1909) (), CPU: Intel(R) Core(TM) i5-7200U CPU @ 2.50GHz, GPU: Intel(R) HD Graphics 620
LogInit: Compiled (64-bit): Oct 18 2019 02:07:44
LogInit: Compiled with Visual C++: 19.16.27030.01
LogInit: Build Configuration: Development
LogInit: Branch Name: ++UE4+Release-4.23
LogInit: Command Line: 
LogInit: Base Directory: C:/Program Files/Epic Games/UE_4.23/Engine/Binaries/Win64/
LogInit: Installed Engine Build: 1
LogDevObjectVersion: Number of dev versions registered: 23
LogDevObjectVersion:   Dev-Blueprints (B0D832E4-1F89-4F0D-ACCF-7EB736FD4AA2): 10
LogDevObjectVersion:   Dev-Build (E1C64328-A22C-4D53-A36C-8E866417BD8C): 0
LogDevObjectVersion:   Dev-Core (375EC13C-06E4-48FB-B500-84F0262A717E): 3
LogDevObjectVersion:   Dev-Editor (E4B068ED-F494-42E9-A231-DA0B2E46BB41): 34
LogDevObjectVersion:   Dev-Framework (CFFC743F-43B0-4480-9391-14DF171D2073): 35
LogDevObjectVersion:   Dev-Mobile (B02B49B5-BB20-44E9-A304-32B752E40360): 2
LogDevObjectVersion:   Dev-Networking (A4E4105C-59A1-49B5-A7C5-40C4547EDFEE): 0
LogDevObjectVersion:   Dev-Online (39C831C9-5AE6-47DC-9A44-9C173E1C8E7C): 0
LogDevObjectVersion:   Dev-Physics (78F01B33-EBEA-4F98-B9B4-84EACCB95AA2): 0
LogDevObjectVersion:   Dev-Platform (6631380F-2D4D-43E0-8009-CF276956A95A): 0
LogDevObjectVersion:   Dev-Rendering (12F88B9F-8875-4AFC-A67C-D90C383ABD29): 31
LogDevObjectVersion:   Dev-Sequencer (7B5AE74C-D270-4C10-A958-57980B212A5A): 11
LogDevObjectVersion:   Dev-VR (D7296918-1DD6-4BDD-9DE2-64A83CC13884): 2
LogDevObjectVersion:   Dev-LoadTimes (C2A15278-BFE7-4AFE-6C17-90FF531DF755): 1
LogDevObjectVersion:   Private-Geometry (6EACA3D4-40EC-4CC1-B786-8BED09428FC5): 3
LogDevObjectVersion:   Dev-AnimPhys (29E575DD-E0A3-4627-9D10-D276232CDCEA): 17
LogDevObjectVersion:   Dev-Anim (AF43A65D-7FD3-4947-9873-3E8ED9C1BB05): 2
LogDevObjectVersion:   Dev-ReflectionCapture (6B266CEC-1EC7-4B8F-A30B-E4D90942FC07): 1
LogDevObjectVersion:   Dev-Automation (0DF73D61-A23F-47EA-B727-89E90C41499A): 1
LogDevObjectVersion:   FortniteMain (601D1886-AC64-4F84-AA16-D3DE0DEAC7D6): 27
LogDevObjectVersion:   Dev-Enterprise (9DFFBCD6-494F-0158-E221-12823C92A888): 6
LogDevObjectVersion:   Dev-Niagara (F2AED0AC-9AFE-416F-8664-AA7FFA26D6FC): 1
LogDevObjectVersion:   Dev-Destruction (174F1F0B-B4C6-45A5-B13F-2EE8D0FB917D): 9
LogInit: Presizing for max 16777216 objects, including 0 objects not considered by GC, pre-allocating 0 bytes for permanent pool.
LogInit: Object subsystem initialized
LogConfig: Setting CVar [[con.DebugEarlyDefault:1]]
LogConfig: Setting CVar [[r.setres:1280x720]]
[2020.04.14-09.55.02:285][  0]LogConfig: Setting CVar [[r.VSync:0]]
[2020.04.14-09.55.02:285][  0]LogConfig: Setting CVar [[r.RHICmdBypass:0]]
[2020.04.14-09.55.02:285][  0]LogConfig: Applying CVar settings from Section [/Script/Engine.RendererSettings] File [C:/Users/Dayaon/Desktop/Design-Master-Class-/Prototype Build/PowerOfStorytelling/Saved/Config/Windows/Engine.ini]
[2020.04.14-09.55.02:285][  0]LogConfig: Setting CVar [[r.GPUCrashDebugging:0]]
[2020.04.14-09.55.02:285][  0]LogConfig: Setting CVar [[r.MobileHDR:0]]
[2020.04.14-09.55.02:286][  0]LogConfig: Setting CVar [[r.Mobile.DisableVertexFog:1]]
[2020.04.14-09.55.02:286][  0]LogConfig: Setting CVar [[r.Shadow.CSM.MaxMobileCascades:2]]
[2020.04.14-09.55.02:286][  0]LogConfig: Setting CVar [[r.MobileMSAA:1]]
[2020.04.14-09.55.02:286][  0]LogConfig: Setting CVar [[r.Mobile.UseLegacyShadingModel:0]]
[2020.04.14-09.55.02:286][  0]LogConfig: Setting CVar [[r.Mobile.UseHWsRGBEncoding:0]]
[2020.04.14-09.55.02:286][  0]LogConfig: Setting CVar [[r.Mobile.AllowDitheredLODTransition:0]]
[2020.04.14-09.55.02:286][  0]LogConfig: Setting CVar [[r.Mobile.AllowSoftwareOcclusion:0]]
[2020.04.14-09.55.02:286][  0]LogConfig: Setting CVar [[r.DiscardUnusedQuality:0]]
[2020.04.14-09.55.02:286][  0]LogConfig: Setting CVar [[r.AllowOcclusionQueries:1]]
[2020.04.14-09.55.02:286][  0]LogConfig: Setting CVar [[r.MinScreenRadiusForLights:0.030000]]
[2020.04.14-09.55.02:286][  0]LogConfig: Setting CVar [[r.MinScreenRadiusForDepthPrepass:0.030000]]
[2020.04.14-09.55.02:286][  0]LogConfig: Setting CVar [[r.MinScreenRadiusForCSMDepth:0.010000]]
[2020.04.14-09.55.02:286][  0]LogConfig: Setting CVar [[r.PrecomputedVisibilityWarning:0]]
[2020.04.14-09.55.02:286][  0]LogConfig: Setting CVar [[r.TextureStreaming:1]]
[2020.04.14-09.55.02:286][  0]LogConfig: Setting CVar [[Compat.UseDXT5NormalMaps:0]]
[2020.04.14-09.55.02:286][  0]LogConfig: Setting CVar [[r.VirtualTextures:0]]
[2020.04.14-09.55.02:286][  0]LogConfig: Setting CVar [[r.VirtualTexturedLightmaps:0]]
[2020.04.14-09.55.02:286][  0]LogConfig: Setting CVar [[r.VT.TileSize:128]]
[2020.04.14-09.55.02:286][  0]LogConfig: Setting CVar [[r.VT.TileBorderSize:4]]
[2020.04.14-09.55.02:286][  0]LogConfig: Setting CVar [[r.vt.FeedbackFactor:16]]
[2020.04.14-09.55.02:286][  0]LogConfig: Setting CVar [[r.VT.EnableCompressZlib:1]]
[2020.04.14-09.55.02:286][  0]LogConfig: Setting CVar [[r.VT.EnableCompressCrunch:0]]
[2020.04.14-09.55.02:286][  0]LogConfig: Setting CVar [[r.ClearCoatNormal:0]]
[2020.04.14-09.55.02:286][  0]LogConfig: Setting CVar [[r.ReflectionCaptureResolution:128]]
[2020.04.14-09.55.02:286][  0]LogConfig: Setting CVar [[r.ReflectionEnvironmentLightmapMixBasedOnRoughness:1]]
[2020.04.14-09.55.02:286][  0]LogConfig: Setting CVar [[r.ForwardShading:0]]
[2020.04.14-09.55.02:286][  0]LogConfig: Setting CVar [[r.VertexFoggingForOpaque:1]]
[2020.04.14-09.55.02:286][  0]LogConfig: Setting CVar [[r.AllowStaticLighting:1]]
[2020.04.14-09.55.02:286][  0]LogConfig: Setting CVar [[r.NormalMapsForStaticLighting:0]]
[2020.04.14-09.55.02:286][  0]LogConfig: Setting CVar [[r.GenerateMeshDistanceFields:0]]
[2020.04.14-09.55.02:286][  0]LogConfig: Setting CVar [[r.DistanceFieldBuild.EightBit:0]]
[2020.04.14-09.55.02:287][  0]LogConfig: Setting CVar [[r.GenerateLandscapeGIData:0]]
[2020.04.14-09.55.02:287][  0]LogConfig: Setting CVar [[r.DistanceFieldBuild.Compress:0]]
[2020.04.14-09.55.02:287][  0]LogConfig: Setting CVar [[r.TessellationAdaptivePixelsPerTriangle:48.000000]]
[2020.04.14-09.55.02:287][  0]LogConfig: Setting CVar [[r.SeparateTranslucency:0]]
[2020.04.14-09.55.02:287][  0]LogConfig: Setting CVar [[r.TranslucentSortPolicy:0]]
[2020.04.14-09.55.02:287][  0]LogConfig: Setting CVar [[r.CustomDepth:1]]
[2020.04.14-09.55.02:287][  0]LogConfig: Setting CVar [[r.CustomDepthTemporalAAJitter:1]]
[2020.04.14-09.55.02:287][  0]LogConfig: Setting CVar [[r.PostProcessing.PropagateAlpha:0]]
[2020.04.14-09.55.02:287][  0]LogConfig: Setting CVar [[r.DefaultFeature.Bloom:0]]
[2020.04.14-09.55.02:287][  0]LogConfig: Setting CVar [[r.DefaultFeature.AmbientOcclusion:0]]
[2020.04.14-09.55.02:287][  0]LogConfig: Setting CVar [[r.DefaultFeature.AmbientOcclusionStaticFraction:1]]
[2020.04.14-09.55.02:287][  0]LogConfig: Setting CVar [[r.DefaultFeature.AutoExposure:0]]
[2020.04.14-09.55.02:287][  0]LogConfig: Setting CVar [[r.DefaultFeature.AutoExposure.Method:0]]
[2020.04.14-09.55.02:287][  0]LogConfig: Setting CVar [[r.DefaultFeature.AutoExposure.ExtendDefaultLuminanceRange:0]]
[2020.04.14-09.55.02:287][  0]LogConfig: Setting CVar [[r.UsePreExposure:1]]
[2020.04.14-09.55.02:287][  0]LogConfig: Setting CVar [[r.EyeAdaptation.EditorOnly:1]]
[2020.04.14-09.55.02:287][  0]LogConfig: Setting CVar [[r.DefaultFeature.MotionBlur:0]]
[2020.04.14-09.55.02:287][  0]LogConfig: Setting CVar [[r.DefaultFeature.LensFlare:0]]
[2020.04.14-09.55.02:287][  0]LogConfig: Setting CVar [[r.TemporalAA.Upsampling:0]]
[2020.04.14-09.55.02:287][  0]LogConfig: Setting CVar [[r.DefaultFeature.AntiAliasing:0]]
[2020.04.14-09.55.02:287][  0]LogConfig: Setting CVar [[r.DefaultFeature.LightUnits:1]]
[2020.04.14-09.55.02:287][  0]LogConfig: Setting CVar [[r.DefaultBackBufferPixelFormat:4]]
[2020.04.14-09.55.02:287][  0]LogConfig: Setting CVar [[r.Shadow.UnbuiltPreviewInGame:1]]
[2020.04.14-09.55.02:287][  0]LogConfig: Setting CVar [[r.StencilForLODDither:0]]
[2020.04.14-09.55.02:287][  0]LogConfig: Setting CVar [[r.EarlyZPass:3]]
[2020.04.14-09.55.02:287][  0]LogConfig: Setting CVar [[r.EarlyZPassOnlyMaterialMasking:0]]
[2020.04.14-09.55.02:287][  0]LogConfig: Setting CVar [[r.DBuffer:1]]
[2020.04.14-09.55.02:287][  0]LogConfig: Setting CVar [[r.ClearSceneMethod:1]]
[2020.04.14-09.55.02:287][  0]LogConfig: Setting CVar [[r.BasePassOutputsVelocity:0]]
[2020.04.14-09.55.02:288][  0]LogConfig: Setting CVar [[r.SelectiveBasePassOutputs:0]]
[2020.04.14-09.55.02:288][  0]LogConfig: Setting CVar [[fx.GPUSimulationTextureSizeX:1024]]
[2020.04.14-09.55.02:288][  0]LogConfig: Setting CVar [[fx.GPUSimulationTextureSizeY:1024]]
[2020.04.14-09.55.02:288][  0]LogConfig: Setting CVar [[r.AllowGlobalClipPlane:0]]
[2020.04.14-09.55.02:288][  0]LogConfig: Setting CVar [[r.GBufferFormat:1]]
[2020.04.14-09.55.02:288][  0]LogConfig: Setting CVar [[r.MorphTarget.Mode:1]]
[2020.04.14-09.55.02:288][  0]LogConfig: Setting CVar [[vr.InstancedStereo:0]]
[2020.04.14-09.55.02:288][  0]LogConfig: Setting CVar [[vr.MultiView:0]]
[2020.04.14-09.55.02:288][  0]LogConfig: Setting CVar [[vr.MobileMultiView:0]]
[2020.04.14-09.55.02:288][  0]LogConfig: Setting CVar [[vr.MobileMultiView.Direct:0]]
[2020.04.14-09.55.02:288][  0]LogConfig: Setting CVar [[vr.RoundRobinOcclusion:0]]
[2020.04.14-09.55.02:288][  0]LogConfig: Setting CVar [[vr.ODSCapture:0]]
[2020.04.14-09.55.02:288][  0]LogConfig: Setting CVar [[r.WireframeCullThreshold:5.000000]]
[2020.04.14-09.55.02:288][  0]LogConfig: Setting CVar [[r.RayTracing:0]]
[2020.04.14-09.55.02:288][  0]LogConfig: Setting CVar [[r.SupportStationarySkylight:1]]
[2020.04.14-09.55.02:288][  0]LogConfig: Setting CVar [[r.SupportLowQualityLightmaps:1]]
[2020.04.14-09.55.02:288][  0]LogConfig: Setting CVar [[r.SupportPointLightWholeSceneShadows:1]]
[2020.04.14-09.55.02:288][  0]LogConfig: Setting CVar [[r.SupportAtmosphericFog:1]]
[2020.04.14-09.55.02:288][  0]LogConfig: Setting CVar [[r.SkinCache.CompileShaders:0]]
[2020.04.14-09.55.02:288][  0]LogConfig: Setting CVar [[r.Mobile.EnableStaticAndCSMShadowReceivers:1]]
[2020.04.14-09.55.02:288][  0]LogConfig: Setting CVar [[r.Mobile.EnableMovableLightCSMShaderCulling:1]]
[2020.04.14-09.55.02:288][  0]LogConfig: Setting CVar [[r.Mobile.AllowDistanceFieldShadows:1]]
[2020.04.14-09.55.02:288][  0]LogConfig: Setting CVar [[r.Mobile.AllowMovableDirectionalLights:1]]
[2020.04.14-09.55.02:288][  0]LogConfig: Setting CVar [[r.MobileNumDynamicPointLights:4]]
[2020.04.14-09.55.02:288][  0]LogConfig: Setting CVar [[r.MobileDynamicPointLightsUseStaticBranch:1]]
[2020.04.14-09.55.02:288][  0]LogConfig: Setting CVar [[r.Mobile.EnableMovableSpotlights:0]]
[2020.04.14-09.55.02:288][  0]LogConfig: Setting CVar [[r.SkinCache.SceneMemoryLimitInMB:128.000000]]
[2020.04.14-09.55.02:288][  0]LogConfig: Setting CVar [[r.GPUSkin.Limit2BoneInfluences:0]]
[2020.04.14-09.55.02:288][  0]LogConfig: Setting CVar [[r.SupportDepthOnlyIndexBuffers:1]]
[2020.04.14-09.55.02:288][  0]LogConfig: Setting CVar [[r.SupportReversedIndexBuffers:1]]
[2020.04.14-09.55.02:288][  0]LogConfig: Setting CVar [[r.SupportMaterialLayers:0]]
[2020.04.14-09.55.02:288][  0]LogConfig: Applying CVar settings from Section [/Script/Engine.RendererOverrideSettings] File [C:/Users/Dayaon/Desktop/Design-Master-Class-/Prototype Build/PowerOfStorytelling/Saved/Config/Windows/Engine.ini]
[2020.04.14-09.55.02:288][  0]LogConfig: Applying CVar settings from Section [/Script/Engine.StreamingSettings] File [C:/Users/Dayaon/Desktop/Design-Master-Class-/Prototype Build/PowerOfStorytelling/Saved/Config/Windows/Engine.ini]
[2020.04.14-09.55.02:288][  0]LogConfig: Setting CVar [[s.MinBulkDataSizeForAsyncLoading:131072]]
[2020.04.14-09.55.02:288][  0]LogConfig: Setting CVar [[s.AsyncLoadingThreadEnabled:0]]
[2020.04.14-09.55.02:288][  0]LogConfig: Setting CVar [[s.EventDrivenLoaderEnabled:1]]
[2020.04.14-09.55.02:288][  0]LogConfig: Setting CVar [[s.WarnIfTimeLimitExceeded:0]]
[2020.04.14-09.55.02:288][  0]LogConfig: Setting CVar [[s.TimeLimitExceededMultiplier:1.5]]
[2020.04.14-09.55.02:288][  0]LogConfig: Setting CVar [[s.TimeLimitExceededMinTime:0.005]]
[2020.04.14-09.55.02:288][  0]LogConfig: Setting CVar [[s.UseBackgroundLevelStreaming:1]]
[2020.04.14-09.55.02:288][  0]LogConfig: Setting CVar [[s.PriorityAsyncLoadingExtraTime:15.0]]
[2020.04.14-09.55.02:288][  0]LogConfig: Setting CVar [[s.LevelStreamingActorsUpdateTimeLimit:5.0]]
[2020.04.14-09.55.02:288][  0]LogConfig: Setting CVar [[s.PriorityLevelStreamingActorsUpdateExtraTime:5.0]]
[2020.04.14-09.55.02:288][  0]LogConfig: Setting CVar [[s.LevelStreamingComponentsRegistrationGranularity:10]]
[2020.04.14-09.55.02:288][  0]LogConfig: Setting CVar [[s.UnregisterComponentsTimeLimit:1.0]]
[2020.04.14-09.55.02:288][  0]LogConfig: Setting CVar [[s.LevelStreamingComponentsUnregistrationGranularity:5]]
[2020.04.14-09.55.02:288][  0]LogConfig: Applying CVar settings from Section [/Script/Engine.GarbageCollectionSettings] File [C:/Users/Dayaon/Desktop/Design-Master-Class-/Prototype Build/PowerOfStorytelling/Saved/Config/Windows/Engine.ini]
[2020.04.14-09.55.02:288][  0]LogConfig: Setting CVar [[gc.MaxObjectsNotConsideredByGC:1]]
[2020.04.14-09.55.02:288][  0]LogConfig: Setting CVar [[gc.SizeOfPermanentObjectPool:0]]
[2020.04.14-09.55.02:288][  0]LogConfig: Setting CVar [[gc.FlushStreamingOnGC:0]]
[2020.04.14-09.55.02:288][  0]LogConfig: Setting CVar [[gc.NumRetriesBeforeForcingGC:10]]
[2020.04.14-09.55.02:288][  0]LogConfig: Setting CVar [[gc.AllowParallelGC:1]]
[2020.04.14-09.55.02:288][  0]LogConfig: Setting CVar [[gc.TimeBetweenPurgingPendingKillObjects:61.1]]
[2020.04.14-09.55.02:288][  0]LogConfig: Setting CVar [[gc.MaxObjectsInEditor:16777216]]
[2020.04.14-09.55.02:288][  0]LogConfig: Setting CVar [[gc.IncrementalBeginDestroyEnabled:1]]
[2020.04.14-09.55.02:288][  0]LogConfig: Setting CVar [[gc.CreateGCClusters:1]]
[2020.04.14-09.55.02:288][  0]LogConfig: Setting CVar [[gc.MinGCClusterSize:5]]
[2020.04.14-09.55.02:288][  0]LogConfig: Setting CVar [[gc.ActorClusteringEnabled:0]]
[2020.04.14-09.55.02:288][  0]LogConfig: Setting CVar [[gc.BlueprintClusteringEnabled:0]]
[2020.04.14-09.55.02:288][  0]LogConfig: Setting CVar [[gc.UseDisregardForGCOnDedicatedServers:0]]
[2020.04.14-09.55.02:288][  0]LogConfig: Applying CVar settings from Section [/Script/Engine.NetworkSettings] File [C:/Users/Dayaon/Desktop/Design-Master-Class-/Prototype Build/PowerOfStorytelling/Saved/Config/Windows/Engine.ini]
[2020.04.14-09.55.02:288][  0]LogConfig: Applying CVar settings from Section [/Script/UnrealEd.CookerSettings] File [C:/Users/Dayaon/Desktop/Design-Master-Class-/Prototype Build/PowerOfStorytelling/Saved/Config/Windows/Engine.ini]
[2020.04.14-09.55.02:292][  0]LogConfig: Applying CVar settings from Section [ViewDistanceQuality@3] File [C:/Users/Dayaon/Desktop/Design-Master-Class-/Prototype Build/PowerOfStorytelling/Saved/Config/Windows/Scalability.ini]
[2020.04.14-09.55.02:292][  0]LogConfig: Setting CVar [[r.SkeletalMeshLODBias:0]]
[2020.04.14-09.55.02:292][  0]LogConfig: Setting CVar [[r.ViewDistanceScale:1.0]]
[2020.04.14-09.55.02:292][  0]LogConfig: Applying CVar settings from Section [AntiAliasingQuality@3] File [C:/Users/Dayaon/Desktop/Design-Master-Class-/Prototype Build/PowerOfStorytelling/Saved/Config/Windows/Scalability.ini]
[2020.04.14-09.55.02:292][  0]LogConfig: Setting CVar [[r.PostProcessAAQuality:4]]
[2020.04.14-09.55.02:292][  0]LogConfig: Applying CVar settings from Section [ShadowQuality@3] File [C:/Users/Dayaon/Desktop/Design-Master-Class-/Prototype Build/PowerOfStorytelling/Saved/Config/Windows/Scalability.ini]
[2020.04.14-09.55.02:292][  0]LogConfig: Setting CVar [[r.LightFunctionQuality:1]]
[2020.04.14-09.55.02:292][  0]LogConfig: Setting CVar [[r.ShadowQuality:5]]
[2020.04.14-09.55.02:292][  0]LogConfig: Setting CVar [[r.Shadow.CSM.MaxCascades:10]]
[2020.04.14-09.55.02:292][  0]LogConfig: Setting CVar [[r.Shadow.MaxResolution:2048]]
[2020.04.14-09.55.02:292][  0]LogConfig: Setting CVar [[r.Shadow.MaxCSMResolution:2048]]
[2020.04.14-09.55.02:292][  0]LogConfig: Setting CVar [[r.Shadow.RadiusThreshold:0.01]]
[2020.04.14-09.55.02:292][  0]LogConfig: Setting CVar [[r.Shadow.DistanceScale:1.0]]
[2020.04.14-09.55.02:292][  0]LogConfig: Setting CVar [[r.Shadow.CSM.TransitionScale:1.0]]
[2020.04.14-09.55.02:292][  0]LogConfig: Setting CVar [[r.Shadow.PreShadowResolutionFactor:1.0]]
[2020.04.14-09.55.02:292][  0]LogConfig: Setting CVar [[r.DistanceFieldShadowing:1]]
[2020.04.14-09.55.02:292][  0]LogConfig: Setting CVar [[r.DistanceFieldAO:1]]
[2020.04.14-09.55.02:292][  0]LogConfig: Setting CVar [[r.AOQuality:2]]
[2020.04.14-09.55.02:292][  0]LogConfig: Setting CVar [[r.VolumetricFog:1]]
[2020.04.14-09.55.02:292][  0]LogConfig: Setting CVar [[r.VolumetricFog.GridPixelSize:8]]
[2020.04.14-09.55.02:292][  0]LogConfig: Setting CVar [[r.VolumetricFog.GridSizeZ:128]]
[2020.04.14-09.55.02:292][  0]LogConfig: Setting CVar [[r.VolumetricFog.HistoryMissSupersampleCount:4]]
[2020.04.14-09.55.02:292][  0]LogConfig: Setting CVar [[r.LightMaxDrawDistanceScale:1]]
[2020.04.14-09.55.02:292][  0]LogConfig: Setting CVar [[r.CapsuleShadows:1]]
[2020.04.14-09.55.02:292][  0]LogConfig: Applying CVar settings from Section [PostProcessQuality@3] File [C:/Users/Dayaon/Desktop/Design-Master-Class-/Prototype Build/PowerOfStorytelling/Saved/Config/Windows/Scalability.ini]
[2020.04.14-09.55.02:292][  0]LogConfig: Setting CVar [[r.MotionBlurQuality:4]]
[2020.04.14-09.55.02:292][  0]LogConfig: Setting CVar [[r.AmbientOcclusionMipLevelFactor:0.4]]
[2020.04.14-09.55.02:292][  0]LogConfig: Setting CVar [[r.AmbientOcclusionMaxQuality:100]]
[2020.04.14-09.55.02:292][  0]LogConfig: Setting CVar [[r.AmbientOcclusionLevels:-1]]
[2020.04.14-09.55.02:292][  0]LogConfig: Setting CVar [[r.AmbientOcclusionRadiusScale:1.0]]
[2020.04.14-09.55.02:292][  0]LogConfig: Setting CVar [[r.DepthOfFieldQuality:2]]
[2020.04.14-09.55.02:292][  0]LogConfig: Setting CVar [[r.RenderTargetPoolMin:400]]
[2020.04.14-09.55.02:292][  0]LogConfig: Setting CVar [[r.LensFlareQuality:2]]
[2020.04.14-09.55.02:292][  0]LogConfig: Setting CVar [[r.SceneColorFringeQuality:1]]
[2020.04.14-09.55.02:292][  0]LogConfig: Setting CVar [[r.EyeAdaptationQuality:2]]
[2020.04.14-09.55.02:292][  0]LogConfig: Setting CVar [[r.BloomQuality:5]]
[2020.04.14-09.55.02:292][  0]LogConfig: Setting CVar [[r.FastBlurThreshold:100]]
[2020.04.14-09.55.02:292][  0]LogConfig: Setting CVar [[r.Upscale.Quality:3]]
[2020.04.14-09.55.02:292][  0]LogConfig: Setting CVar [[r.Tonemapper.GrainQuantization:1]]
[2020.04.14-09.55.02:292][  0]LogConfig: Setting CVar [[r.LightShaftQuality:1]]
[2020.04.14-09.55.02:292][  0]LogConfig: Setting CVar [[r.Filter.SizeScale:1]]
[2020.04.14-09.55.02:292][  0]LogConfig: Setting CVar [[r.Tonemapper.Quality:5]]
[2020.04.14-09.55.02:292][  0]LogConfig: Setting CVar [[r.DOF.Gather.AccumulatorQuality:1        ; higher gathering accumulator quality]]
[2020.04.14-09.55.02:292][  0]LogConfig: Setting CVar [[r.DOF.Gather.PostfilterMethod:1          ; Median3x3 postfilering method]]
[2020.04.14-09.55.02:292][  0]LogConfig: Setting CVar [[r.DOF.Gather.EnableBokehSettings:0       ; no bokeh simulation when gathering]]
[2020.04.14-09.55.02:292][  0]LogConfig: Setting CVar [[r.DOF.Gather.RingCount:4                 ; medium number of samples when gathering]]
[2020.04.14-09.55.02:292][  0]LogConfig: Setting CVar [[r.DOF.Scatter.ForegroundCompositing:1    ; additive foreground scattering]]
[2020.04.14-09.55.02:292][  0]LogConfig: Setting CVar [[r.DOF.Scatter.BackgroundCompositing:2    ; additive background scattering]]
[2020.04.14-09.55.02:292][  0]LogConfig: Setting CVar [[r.DOF.Scatter.EnableBokehSettings:1      ; bokeh simulation when scattering]]
[2020.04.14-09.55.02:292][  0]LogConfig: Setting CVar [[r.DOF.Scatter.MaxSpriteRatio:0.1         ; only a maximum of 10% of scattered bokeh]]
[2020.04.14-09.55.02:292][  0]LogConfig: Setting CVar [[r.DOF.Recombine.Quality:1                ; cheap slight out of focus]]
[2020.04.14-09.55.02:292][  0]LogConfig: Setting CVar [[r.DOF.Recombine.EnableBokehSettings:0    ; no bokeh simulation on slight out of focus]]
[2020.04.14-09.55.02:292][  0]LogConfig: Setting CVar [[r.DOF.TemporalAAQuality:1                ; more stable temporal accumulation]]
[2020.04.14-09.55.02:292][  0]LogConfig: Setting CVar [[r.DOF.Kernel.MaxForegroundRadius:0.025]]
[2020.04.14-09.55.02:292][  0]LogConfig: Setting CVar [[r.DOF.Kernel.MaxBackgroundRadius:0.025]]
[2020.04.14-09.55.02:292][  0]LogConfig: Applying CVar settings from Section [TextureQuality@3] File [C:/Users/Dayaon/Desktop/Design-Master-Class-/Prototype Build/PowerOfStorytelling/Saved/Config/Windows/Scalability.ini]
[2020.04.14-09.55.02:292][  0]LogConfig: Setting CVar [[r.Streaming.MipBias:0]]
[2020.04.14-09.55.02:293][  0]LogConfig: Setting CVar [[r.Streaming.AmortizeCPUToGPUCopy:0]]
[2020.04.14-09.55.02:293][  0]LogConfig: Setting CVar [[r.Streaming.MaxNumTexturesToStreamPerFrame:0]]
[2020.04.14-09.55.02:293][  0]LogConfig: Setting CVar [[r.Streaming.Boost:1]]
[2020.04.14-09.55.02:293][  0]LogConfig: Setting CVar [[r.MaxAnisotropy:8]]
[2020.04.14-09.55.02:293][  0]LogConfig: Setting CVar [[r.Streaming.LimitPoolSizeToVRAM:0]]
[2020.04.14-09.55.02:293][  0]LogConfig: Setting CVar [[r.Streaming.PoolSize:1000]]
[2020.04.14-09.55.02:293][  0]LogConfig: Setting CVar [[r.Streaming.MaxEffectiveScreenSize:0]]
[2020.04.14-09.55.02:293][  0]LogConfig: Applying CVar settings from Section [EffectsQuality@3] File [C:/Users/Dayaon/Desktop/Design-Master-Class-/Prototype Build/PowerOfStorytelling/Saved/Config/Windows/Scalability.ini]
[2020.04.14-09.55.02:293][  0]LogConfig: Setting CVar [[r.TranslucencyLightingVolumeDim:64]]
[2020.04.14-09.55.02:293][  0]LogConfig: Setting CVar [[r.RefractionQuality:2]]
[2020.04.14-09.55.02:293][  0]LogConfig: Setting CVar [[r.SSR.Quality:3]]
[2020.04.14-09.55.02:293][  0]LogConfig: Setting CVar [[r.SceneColorFormat:4]]
[2020.04.14-09.55.02:293][  0]LogConfig: Setting CVar [[r.DetailMode:2]]
[2020.04.14-09.55.02:293][  0]LogConfig: Setting CVar [[r.TranslucencyVolumeBlur:1]]
[2020.04.14-09.55.02:293][  0]LogConfig: Setting CVar [[r.MaterialQualityLevel:1 ; High quality]]
[2020.04.14-09.55.02:293][  0]LogConfig: Setting CVar [[r.SSS.Scale:1]]
[2020.04.14-09.55.02:293][  0]LogConfig: Setting CVar [[r.SSS.SampleSet:2]]
[2020.04.14-09.55.02:293][  0]LogConfig: Setting CVar [[r.SSS.Quality:1]]
[2020.04.14-09.55.02:293][  0]LogConfig: Setting CVar [[r.SSS.HalfRes:1]]
[2020.04.14-09.55.02:293][  0]LogConfig: Setting CVar [[r.EmitterSpawnRateScale:1.0]]
[2020.04.14-09.55.02:293][  0]LogConfig: Setting CVar [[r.ParticleLightQuality:2]]
[2020.04.14-09.55.02:293][  0]LogConfig: Applying CVar settings from Section [FoliageQuality@3] File [C:/Users/Dayaon/Desktop/Design-Master-Class-/Prototype Build/PowerOfStorytelling/Saved/Config/Windows/Scalability.ini]
[2020.04.14-09.55.02:293][  0]LogConfig: Setting CVar [[foliage.DensityScale:1.0]]
[2020.04.14-09.55.02:293][  0]LogConfig: Setting CVar [[grass.DensityScale:1.0]]
[2020.04.14-09.55.02:293][  0]LogInit: Selected Device Profile: [Windows]
[2020.04.14-09.55.02:293][  0]LogInit: Applying CVar settings loaded from the selected device profile: [Windows]
[2020.04.14-09.55.02:390][  0]LogHAL: Display: Platform has ~ 8 GB [8469581824 / 8589934592 / 8], which maps to Default [LargestMinGB=32, LargerMinGB=12, DefaultMinGB=8, SmallerMinGB=6, SmallestMinGB=0)
[2020.04.14-09.55.02:390][  0]LogInit: Going up to parent DeviceProfile []
[2020.04.14-09.55.02:390][  0]LogConfig: Applying CVar settings from Section [ViewDistanceQuality@3] File [C:/Users/Dayaon/Desktop/Design-Master-Class-/Prototype Build/PowerOfStorytelling/Saved/Config/Windows/Scalability.ini]
[2020.04.14-09.55.02:390][  0]LogConfig: Setting CVar [[r.SkeletalMeshLODBias:0]]
[2020.04.14-09.55.02:391][  0]LogConfig: Setting CVar [[r.ViewDistanceScale:1.0]]
[2020.04.14-09.55.02:391][  0]LogConfig: Applying CVar settings from Section [AntiAliasingQuality@3] File [C:/Users/Dayaon/Desktop/Design-Master-Class-/Prototype Build/PowerOfStorytelling/Saved/Config/Windows/Scalability.ini]
[2020.04.14-09.55.02:391][  0]LogConfig: Setting CVar [[r.PostProcessAAQuality:4]]
[2020.04.14-09.55.02:391][  0]LogConfig: Applying CVar settings from Section [ShadowQuality@3] File [C:/Users/Dayaon/Desktop/Design-Master-Class-/Prototype Build/PowerOfStorytelling/Saved/Config/Windows/Scalability.ini]
[2020.04.14-09.55.02:391][  0]LogConfig: Setting CVar [[r.LightFunctionQuality:1]]
[2020.04.14-09.55.02:391][  0]LogConfig: Setting CVar [[r.ShadowQuality:5]]
[2020.04.14-09.55.02:391][  0]LogConfig: Setting CVar [[r.Shadow.CSM.MaxCascades:10]]
[2020.04.14-09.55.02:391][  0]LogConfig: Setting CVar [[r.Shadow.MaxResolution:2048]]
[2020.04.14-09.55.02:391][  0]LogConfig: Setting CVar [[r.Shadow.MaxCSMResolution:2048]]
[2020.04.14-09.55.02:391][  0]LogConfig: Setting CVar [[r.Shadow.RadiusThreshold:0.01]]
[2020.04.14-09.55.02:391][  0]LogConfig: Setting CVar [[r.Shadow.DistanceScale:1.0]]
[2020.04.14-09.55.02:391][  0]LogConfig: Setting CVar [[r.Shadow.CSM.TransitionScale:1.0]]
[2020.04.14-09.55.02:391][  0]LogConfig: Setting CVar [[r.Shadow.PreShadowResolutionFactor:1.0]]
[2020.04.14-09.55.02:391][  0]LogConfig: Setting CVar [[r.DistanceFieldShadowing:1]]
[2020.04.14-09.55.02:391][  0]LogConfig: Setting CVar [[r.DistanceFieldAO:1]]
[2020.04.14-09.55.02:391][  0]LogConfig: Setting CVar [[r.AOQuality:2]]
[2020.04.14-09.55.02:391][  0]LogConfig: Setting CVar [[r.VolumetricFog:1]]
[2020.04.14-09.55.02:391][  0]LogConfig: Setting CVar [[r.VolumetricFog.GridPixelSize:8]]
[2020.04.14-09.55.02:391][  0]LogConfig: Setting CVar [[r.VolumetricFog.GridSizeZ:128]]
[2020.04.14-09.55.02:391][  0]LogConfig: Setting CVar [[r.VolumetricFog.HistoryMissSupersampleCount:4]]
[2020.04.14-09.55.02:391][  0]LogConfig: Setting CVar [[r.LightMaxDrawDistanceScale:1]]
[2020.04.14-09.55.02:391][  0]LogConfig: Setting CVar [[r.CapsuleShadows:1]]
[2020.04.14-09.55.02:391][  0]LogConfig: Applying CVar settings from Section [PostProcessQuality@3] File [C:/Users/Dayaon/Desktop/Design-Master-Class-/Prototype Build/PowerOfStorytelling/Saved/Config/Windows/Scalability.ini]
[2020.04.14-09.55.02:391][  0]LogConfig: Setting CVar [[r.MotionBlurQuality:4]]
[2020.04.14-09.55.02:391][  0]LogConfig: Setting CVar [[r.AmbientOcclusionMipLevelFactor:0.4]]
[2020.04.14-09.55.02:391][  0]LogConfig: Setting CVar [[r.AmbientOcclusionMaxQuality:100]]
[2020.04.14-09.55.02:391][  0]LogConfig: Setting CVar [[r.AmbientOcclusionLevels:-1]]
[2020.04.14-09.55.02:391][  0]LogConfig: Setting CVar [[r.AmbientOcclusionRadiusScale:1.0]]
[2020.04.14-09.55.02:391][  0]LogConfig: Setting CVar [[r.DepthOfFieldQuality:2]]
[2020.04.14-09.55.02:391][  0]LogConfig: Setting CVar [[r.RenderTargetPoolMin:400]]
[2020.04.14-09.55.02:391][  0]LogConfig: Setting CVar [[r.LensFlareQuality:2]]
[2020.04.14-09.55.02:391][  0]LogConfig: Setting CVar [[r.SceneColorFringeQuality:1]]
[2020.04.14-09.55.02:391][  0]LogConfig: Setting CVar [[r.EyeAdaptationQuality:2]]
[2020.04.14-09.55.02:391][  0]LogConfig: Setting CVar [[r.BloomQuality:5]]
[2020.04.14-09.55.02:391][  0]LogConfig: Setting CVar [[r.FastBlurThreshold:100]]
[2020.04.14-09.55.02:391][  0]LogConfig: Setting CVar [[r.Upscale.Quality:3]]
[2020.04.14-09.55.02:391][  0]LogConfig: Setting CVar [[r.Tonemapper.GrainQuantization:1]]
[2020.04.14-09.55.02:391][  0]LogConfig: Setting CVar [[r.LightShaftQuality:1]]
[2020.04.14-09.55.02:391][  0]LogConfig: Setting CVar [[r.Filter.SizeScale:1]]
[2020.04.14-09.55.02:391][  0]LogConfig: Setting CVar [[r.Tonemapper.Quality:5]]
[2020.04.14-09.55.02:391][  0]LogConfig: Setting CVar [[r.DOF.Gather.AccumulatorQuality:1        ; higher gathering accumulator quality]]
[2020.04.14-09.55.02:391][  0]LogConfig: Setting CVar [[r.DOF.Gather.PostfilterMethod:1          ; Median3x3 postfilering method]]
[2020.04.14-09.55.02:391][  0]LogConfig: Setting CVar [[r.DOF.Gather.EnableBokehSettings:0       ; no bokeh simulation when gathering]]
[2020.04.14-09.55.02:391][  0]LogConfig: Setting CVar [[r.DOF.Gather.RingCount:4                 ; medium number of samples when gathering]]
[2020.04.14-09.55.02:391][  0]LogConfig: Setting CVar [[r.DOF.Scatter.ForegroundCompositing:1    ; additive foreground scattering]]
[2020.04.14-09.55.02:391][  0]LogConfig: Setting CVar [[r.DOF.Scatter.BackgroundCompositing:2    ; additive background scattering]]
[2020.04.14-09.55.02:391][  0]LogConfig: Setting CVar [[r.DOF.Scatter.EnableBokehSettings:1      ; bokeh simulation when scattering]]
[2020.04.14-09.55.02:391][  0]LogConfig: Setting CVar [[r.DOF.Scatter.MaxSpriteRatio:0.1         ; only a maximum of 10% of scattered bokeh]]
[2020.04.14-09.55.02:391][  0]LogConfig: Setting CVar [[r.DOF.Recombine.Quality:1                ; cheap slight out of focus]]
[2020.04.14-09.55.02:391][  0]LogConfig: Setting CVar [[r.DOF.Recombine.EnableBokehSettings:0    ; no bokeh simulation on slight out of focus]]
[2020.04.14-09.55.02:391][  0]LogConfig: Setting CVar [[r.DOF.TemporalAAQuality:1                ; more stable temporal accumulation]]
[2020.04.14-09.55.02:391][  0]LogConfig: Setting CVar [[r.DOF.Kernel.MaxForegroundRadius:0.025]]
[2020.04.14-09.55.02:391][  0]LogConfig: Setting CVar [[r.DOF.Kernel.MaxBackgroundRadius:0.025]]
[2020.04.14-09.55.02:391][  0]LogConfig: Applying CVar settings from Section [TextureQuality@3] File [C:/Users/Dayaon/Desktop/Design-Master-Class-/Prototype Build/PowerOfStorytelling/Saved/Config/Windows/Scalability.ini]
[2020.04.14-09.55.02:391][  0]LogConfig: Setting CVar [[r.Streaming.MipBias:0]]
[2020.04.14-09.55.02:391][  0]LogConfig: Setting CVar [[r.Streaming.AmortizeCPUToGPUCopy:0]]
[2020.04.14-09.55.02:391][  0]LogConfig: Setting CVar [[r.Streaming.MaxNumTexturesToStreamPerFrame:0]]
[2020.04.14-09.55.02:391][  0]LogConfig: Setting CVar [[r.Streaming.Boost:1]]
[2020.04.14-09.55.02:391][  0]LogConfig: Setting CVar [[r.MaxAnisotropy:8]]
[2020.04.14-09.55.02:391][  0]LogConfig: Setting CVar [[r.Streaming.LimitPoolSizeToVRAM:0]]
[2020.04.14-09.55.02:391][  0]LogConfig: Setting CVar [[r.Streaming.PoolSize:1000]]
[2020.04.14-09.55.02:391][  0]LogConfig: Setting CVar [[r.Streaming.MaxEffectiveScreenSize:0]]
[2020.04.14-09.55.02:391][  0]LogConfig: Applying CVar settings from Section [EffectsQuality@3] File [C:/Users/Dayaon/Desktop/Design-Master-Class-/Prototype Build/PowerOfStorytelling/Saved/Config/Windows/Scalability.ini]
[2020.04.14-09.55.02:391][  0]LogConfig: Setting CVar [[r.TranslucencyLightingVolumeDim:64]]
[2020.04.14-09.55.02:392][  0]LogConfig: Setting CVar [[r.RefractionQuality:2]]
[2020.04.14-09.55.02:392][  0]LogConfig: Setting CVar [[r.SSR.Quality:3]]
[2020.04.14-09.55.02:392][  0]LogConfig: Setting CVar [[r.SceneColorFormat:4]]
[2020.04.14-09.55.02:392][  0]LogConfig: Setting CVar [[r.DetailMode:2]]
[2020.04.14-09.55.02:392][  0]LogConfig: Setting CVar [[r.TranslucencyVolumeBlur:1]]
[2020.04.14-09.55.02:392][  0]LogConfig: Setting CVar [[r.MaterialQualityLevel:1 ; High quality]]
[2020.04.14-09.55.02:392][  0]LogConfig: Setting CVar [[r.SSS.Scale:1]]
[2020.04.14-09.55.02:392][  0]LogConfig: Setting CVar [[r.SSS.SampleSet:2]]
[2020.04.14-09.55.02:392][  0]LogConfig: Setting CVar [[r.SSS.Quality:1]]
[2020.04.14-09.55.02:392][  0]LogConfig: Setting CVar [[r.SSS.HalfRes:1]]
[2020.04.14-09.55.02:392][  0]LogConfig: Setting CVar [[r.EmitterSpawnRateScale:1.0]]
[2020.04.14-09.55.02:392][  0]LogConfig: Setting CVar [[r.ParticleLightQuality:2]]
[2020.04.14-09.55.02:392][  0]LogConfig: Applying CVar settings from Section [FoliageQuality@3] File [C:/Users/Dayaon/Desktop/Design-Master-Class-/Prototype Build/PowerOfStorytelling/Saved/Config/Windows/Scalability.ini]
[2020.04.14-09.55.02:392][  0]LogConfig: Setting CVar [[foliage.DensityScale:1.0]]
[2020.04.14-09.55.02:392][  0]LogConfig: Setting CVar [[grass.DensityScale:1.0]]
[2020.04.14-09.55.02:392][  0]LogConfig: Applying CVar settings from Section [Startup] File [../../../Engine/Config/ConsoleVariables.ini]
[2020.04.14-09.55.02:447][  0]LogConfig: Setting CVar [[net.UseAdaptiveNetUpdateFrequency:0]]
[2020.04.14-09.55.02:447][  0]LogConfig: Setting CVar [[p.chaos.AllowCreatePhysxBodies:1]]
[2020.04.14-09.55.02:447][  0]LogConfig: Applying CVar settings from Section [ConsoleVariables] File [C:/Users/Dayaon/Desktop/Design-Master-Class-/Prototype Build/PowerOfStorytelling/Saved/Config/Windows/Engine.ini]
[2020.04.14-09.55.02:447][  0]LogInit: Computer: DESKTOP-J4GCPRH
[2020.04.14-09.55.02:447][  0]LogInit: User: Dayaon
[2020.04.14-09.55.02:447][  0]LogInit: CPU Page size=4096, Cores=2
[2020.04.14-09.55.02:447][  0]LogInit: High frequency timer resolution =10.000000 MHz
[2020.04.14-09.55.02:447][  0]LogMemory: Memory total: Physical=7.9GB (8GB approx)
[2020.04.14-09.55.02:447][  0]LogMemory: Platform Memory Stats for Windows
[2020.04.14-09.55.02:447][  0]LogMemory: Process Physical Memory: 103.93 MB used, 103.94 MB peak
[2020.04.14-09.55.02:447][  0]LogMemory: Process Virtual Memory: 89.67 MB used, 89.67 MB peak
[2020.04.14-09.55.02:447][  0]LogMemory: Physical Memory: 5396.04 MB used,  2681.18 MB free, 8077.22 MB total
[2020.04.14-09.55.02:447][  0]LogMemory: Virtual Memory: 4635.82 MB used,  134213096.00 MB free, 134217728.00 MB total
[2020.04.14-09.55.02:502][  0]LogWindows: WindowsPlatformFeatures enabled
[2020.04.14-09.55.05:654][  0]LogInit: Using OS detected language (en-GB).
[2020.04.14-09.55.05:654][  0]LogInit: Using OS detected locale (en-GB).
[2020.04.14-09.55.05:735][  0]LogTextLocalizationManager: No specific localization for 'en-GB' exists, so the 'en' localization will be used.
[2020.04.14-09.55.06:935][  0]LogInit: Setting process to per monitor DPI aware
[2020.04.14-09.55.08:126][  0]LogSlate: New Slate User Created.  User Index 0, Is Virtual User: 0
[2020.04.14-09.55.08:126][  0]LogSlate: Slate User Registered.  User Index 0, Is Virtual User: 0
[2020.04.14-09.55.26:131][  0]LogHMD: Failed to initialize OpenVR with code 110
[2020.04.14-09.55.26:131][  0]LogD3D11RHI: D3D11 adapters:
[2020.04.14-09.55.26:336][  0]LogD3D11RHI:    0. 'Intel(R) HD Graphics 620' (Feature Level 11_0)
[2020.04.14-09.55.26:336][  0]LogD3D11RHI:       128/0/4038 MB DedicatedVideo/DedicatedSystem/SharedSystem, Outputs:1, VendorId:0x8086
[2020.04.14-09.55.26:341][  0]LogD3D11RHI:    1. 'Microsoft Basic Render Driver' (Feature Level 11_0)
[2020.04.14-09.55.26:341][  0]LogD3D11RHI:       0/0/4038 MB DedicatedVideo/DedicatedSystem/SharedSystem, Outputs:0, VendorId:0x1414
[2020.04.14-09.55.26:341][  0]LogD3D11RHI: Chosen D3D11 Adapter: 0
[2020.04.14-09.55.26:353][  0]LogD3D11RHI: Creating new Direct3DDevice
[2020.04.14-09.55.26:353][  0]LogD3D11RHI:     GPU DeviceId: 0x5916 (for the marketing name, search the web for "GPU Device Id")
[2020.04.14-09.55.26:353][  0]LogWindows: EnumDisplayDevices:
[2020.04.14-09.55.26:353][  0]LogWindows:    0. 'Intel(R) HD Graphics 620' (P:1 D:1)
[2020.04.14-09.55.26:354][  0]LogWindows:    1. 'Intel(R) HD Graphics 620' (P:0 D:0)
[2020.04.14-09.55.26:354][  0]LogWindows:    2. 'Intel(R) HD Graphics 620' (P:0 D:0)
[2020.04.14-09.55.26:354][  0]LogWindows: DebugString: FoundDriverCount:3 
[2020.04.14-09.55.26:355][  0]LogD3D11RHI:     Adapter Name: Intel(R) HD Graphics 620
[2020.04.14-09.55.26:355][  0]LogD3D11RHI:   Driver Version: 22.20.16.4749 (internal:22.20.16.4749, unified:22.20.16.4749)
[2020.04.14-09.55.26:355][  0]LogD3D11RHI:      Driver Date: 7-24-2017
[2020.04.14-09.55.26:355][  0]LogRHI: Texture pool is 1503 MB (70% of 2147 MB)
[2020.04.14-09.55.26:399][  0]LogD3D11RHI: Async texture creation enabled
[2020.04.14-09.55.26:446][  0]LogD3D11RHI: GPU Timing Frequency: 12.000000 (Debug: 2 0)
[2020.04.14-09.55.34:296][  0]LogTemp: Display: Module 'AllDesktopTargetPlatform' loaded TargetPlatform 'AllDesktop'
[2020.04.14-09.55.34:369][  0]LogTemp: Display: Module 'MacClientTargetPlatform' loaded TargetPlatform 'MacClient'
[2020.04.14-09.55.34:440][  0]LogTemp: Display: Module 'MacNoEditorTargetPlatform' loaded TargetPlatform 'MacNoEditor'
[2020.04.14-09.55.34:797][  0]LogTemp: Display: Module 'MacServerTargetPlatform' loaded TargetPlatform 'MacServer'
[2020.04.14-09.55.34:983][  0]LogTemp: Display: Module 'MacTargetPlatform' loaded TargetPlatform 'Mac'
[2020.04.14-09.55.35:130][  0]LogTemp: Display: Module 'WindowsClientTargetPlatform' loaded TargetPlatform 'WindowsClient'
[2020.04.14-09.55.35:253][  0]LogTemp: Display: Module 'WindowsNoEditorTargetPlatform' loaded TargetPlatform 'WindowsNoEditor'
[2020.04.14-09.55.35:467][  0]LogTemp: Display: Module 'WindowsServerTargetPlatform' loaded TargetPlatform 'WindowsServer'
[2020.04.14-09.55.35:543][  0]LogTemp: Display: Module 'WindowsTargetPlatform' loaded TargetPlatform 'Windows'
[2020.04.14-09.55.35:781][  0]LogTemp: Display: Module 'AndroidTargetPlatform' loaded TargetPlatform 'Android'
[2020.04.14-09.55.35:781][  0]LogTemp: Display: Module 'AndroidTargetPlatform' loaded TargetPlatform 'Android_ASTC'
[2020.04.14-09.55.35:781][  0]LogTemp: Display: Module 'AndroidTargetPlatform' loaded TargetPlatform 'Android_ATC'
[2020.04.14-09.55.35:781][  0]LogTemp: Display: Module 'AndroidTargetPlatform' loaded TargetPlatform 'Android_DXT'
[2020.04.14-09.55.35:781][  0]LogTemp: Display: Module 'AndroidTargetPlatform' loaded TargetPlatform 'Android_ETC1'
[2020.04.14-09.55.35:781][  0]LogTemp: Display: Module 'AndroidTargetPlatform' loaded TargetPlatform 'Android_ETC1a'
[2020.04.14-09.55.35:781][  0]LogTemp: Display: Module 'AndroidTargetPlatform' loaded TargetPlatform 'Android_ETC2'
[2020.04.14-09.55.35:782][  0]LogTemp: Display: Module 'AndroidTargetPlatform' loaded TargetPlatform 'Android_PVRTC'
[2020.04.14-09.55.35:782][  0]LogTemp: Display: Module 'AndroidTargetPlatform' loaded TargetPlatform 'AndroidClient'
[2020.04.14-09.55.35:782][  0]LogTemp: Display: Module 'AndroidTargetPlatform' loaded TargetPlatform 'Android_ASTCClient'
[2020.04.14-09.55.35:782][  0]LogTemp: Display: Module 'AndroidTargetPlatform' loaded TargetPlatform 'Android_ATCClient'
[2020.04.14-09.55.35:782][  0]LogTemp: Display: Module 'AndroidTargetPlatform' loaded TargetPlatform 'Android_DXTClient'
[2020.04.14-09.55.35:782][  0]LogTemp: Display: Module 'AndroidTargetPlatform' loaded TargetPlatform 'Android_ETC1Client'
[2020.04.14-09.55.35:782][  0]LogTemp: Display: Module 'AndroidTargetPlatform' loaded TargetPlatform 'Android_ETC1aClient'
[2020.04.14-09.55.35:782][  0]LogTemp: Display: Module 'AndroidTargetPlatform' loaded TargetPlatform 'Android_ETC2Client'
[2020.04.14-09.55.35:782][  0]LogTemp: Display: Module 'AndroidTargetPlatform' loaded TargetPlatform 'Android_PVRTCClient'
[2020.04.14-09.55.35:782][  0]LogTemp: Display: Module 'AndroidTargetPlatform' loaded TargetPlatform 'Android_Multi'
[2020.04.14-09.55.35:782][  0]LogTemp: Display: Module 'AndroidTargetPlatform' loaded TargetPlatform 'Android_MultiClient'
[2020.04.14-09.55.35:982][  0]LogTemp: Display: Module 'HTML5TargetPlatform' loaded TargetPlatform 'HTML5'
[2020.04.14-09.55.37:901][  0]LogTemp: Display: Module 'IOSTargetPlatform' loaded TargetPlatform 'IOSClient'
[2020.04.14-09.55.37:901][  0]LogTemp: Display: Module 'IOSTargetPlatform' loaded TargetPlatform 'IOS'
[2020.04.14-09.55.38:043][  0]LogTemp: Display: Module 'TVOSTargetPlatform' loaded TargetPlatform 'TVOSClient'
[2020.04.14-09.55.38:043][  0]LogTemp: Display: Module 'TVOSTargetPlatform' loaded TargetPlatform 'TVOS'
[2020.04.14-09.55.38:581][  0]LogTemp: Display: Module 'LinuxClientTargetPlatform' loaded TargetPlatform 'LinuxClient'
[2020.04.14-09.55.38:665][  0]LogTemp: Display: Module 'LinuxNoEditorTargetPlatform' loaded TargetPlatform 'LinuxNoEditor'
[2020.04.14-09.55.38:734][  0]LogTemp: Display: Module 'LinuxServerTargetPlatform' loaded TargetPlatform 'LinuxServer'
[2020.04.14-09.55.39:029][  0]LogTemp: Display: Module 'LinuxTargetPlatform' loaded TargetPlatform 'Linux'
[2020.04.14-09.55.39:148][  0]LogTemp: Display: Module 'LuminTargetPlatform' loaded TargetPlatform 'Lumin'
[2020.04.14-09.55.39:148][  0]LogTemp: Display: Module 'LuminTargetPlatform' loaded TargetPlatform 'LuminClient'
[2020.04.14-09.55.39:148][  0]LogTargetPlatformManager: Display: Building Assets For Windows
[2020.04.14-09.55.39:786][  0]LogAudioDebug: Display: Lib vorbis DLL was dynamically loaded.
[2020.04.14-09.55.53:573][  0]LogShaderCompilers: Guid format shader working directory is -49 characters bigger than the processId version (../../../../../../Users/Dayaon/Desktop/Design-Master-Class-/Prototype Build/PowerOfStorytelling/Intermediate/Shaders/WorkingDirectory/22352/).
[2020.04.14-09.55.53:574][  0]LogShaderCompilers: Cleaned the shader compiler working directory 'C:/Users/Dayaon/AppData/Local/Temp/UnrealShaderWorkingDir/99510BA445DC81F2561224956C1948D5/'.
[2020.04.14-09.55.53:577][  0]LogXGEController: Cleaning working directory: C:/Users/Dayaon/AppData/Local/Temp/UnrealXGEWorkingDir/
[2020.04.14-09.55.53:578][  0]LogXGEController: Cannot use XGE Controller as Incredibuild is not installed on this machine.
[2020.04.14-09.55.53:578][  0]LogShaderCompilers: Cannot use XGE Shader Compiler as Incredibuild is not installed on this machine.
[2020.04.14-09.55.53:578][  0]LogShaderCompilers: Display: Using Local Shader Compiler.
[2020.04.14-09.56.26:356][  0]LogDerivedDataCache: Display: Max Cache Size: 512 MB
[2020.04.14-09.56.28:540][  0]LogDerivedDataCache: Loaded boot cache 2.17s 74MB C:/Users/Dayaon/AppData/Local/UnrealEngine/4.23/DerivedDataCache/Boot.ddc.
[2020.04.14-09.56.28:540][  0]LogDerivedDataCache: Display: Loaded Boot cache: C:/Users/Dayaon/AppData/Local/UnrealEngine/4.23/DerivedDataCache/Boot.ddc
[2020.04.14-09.56.28:541][  0]LogDerivedDataCache: FDerivedDataBackendGraph:  Pak pak cache file ../../../../../../Users/Dayaon/Desktop/Design-Master-Class-/Prototype Build/PowerOfStorytelling/DerivedDataCache/DDC.ddp not found, will not use a pak cache.
[2020.04.14-09.56.28:541][  0]LogDerivedDataCache: Unable to find inner node Pak for hierarchical cache Hierarchy.
[2020.04.14-09.56.28:541][  0]LogDerivedDataCache: FDerivedDataBackendGraph:  CompressedPak pak cache file ../../../../../../Users/Dayaon/Desktop/Design-Master-Class-/Prototype Build/PowerOfStorytelling/DerivedDataCache/Compressed.ddp not found, will not use a pak cache.
[2020.04.14-09.56.28:541][  0]LogDerivedDataCache: Unable to find inner node CompressedPak for hierarchical cache Hierarchy.
[2020.04.14-09.56.29:456][  0]LogDerivedDataCache: Display: Pak cache opened for reading ../../../Engine/DerivedDataCache/Compressed.ddp.
[2020.04.14-09.56.29:456][  0]LogDerivedDataCache: FDerivedDataBackendGraph:  EnterprisePak pak cache file ../../../Enterprise/DerivedDataCache/Compressed.ddp not found, will not use a pak cache.
[2020.04.14-09.56.29:456][  0]LogDerivedDataCache: Unable to find inner node EnterprisePak for hierarchical cache Hierarchy.
[2020.04.14-09.56.29:970][  0]LogDerivedDataCache: Using Local data cache path C:/Users/Dayaon/AppData/Local/UnrealEngine/Common/DerivedDataCache: Writable
[2020.04.14-09.56.29:970][  0]LogDerivedDataCache: Shared data cache path not found in *engine.ini, will not use an Shared cache.
[2020.04.14-09.56.29:970][  0]LogDerivedDataCache: Unable to find inner node Shared for hierarchical cache Hierarchy.
[2020.04.14-09.56.30:009][  0]LogMaterial: Verifying Global Shaders for PCD3D_SM5
[2020.04.14-09.56.30:014][  0]LogSlate: Using FreeType 2.6.0
[2020.04.14-09.56.30:401][  0]LogSlate: SlateFontServices - WITH_FREETYPE: 1, WITH_HARFBUZZ: 1
[2020.04.14-09.56.39:326][  0]LogAssetRegistry: FAssetRegistry took 0.1069 seconds to start up
[2020.04.14-09.56.40:449][  0]LogInit: Selected Device Profile: [Windows]
[2020.04.14-09.57.02:498][  0]LogMeshReduction: Using QuadricMeshReduction for automatic static mesh reduction
[2020.04.14-09.57.02:498][  0]LogMeshReduction: Using SimplygonMeshReduction for automatic skeletal mesh reduction
[2020.04.14-09.57.02:498][  0]LogMeshReduction: Using ProxyLODMeshReduction for automatic mesh merging
[2020.04.14-09.57.02:498][  0]LogMeshReduction: No distributed automatic mesh merging module available
[2020.04.14-09.57.02:498][  0]LogMeshMerging: No distributed automatic mesh merging module available
[2020.04.14-09.57.03:502][  0]LogNetVersion: PowerOfStorytelling 1.0.0, NetCL: 8386587, EngineNetVer: 11, GameNetVer: 0 (Checksum: 1431745947)
[2020.04.14-09.57.15:002][  0]LogAssetRegistry: Error: Failed to open file for write ../../../../../../Users/Dayaon/Desktop/Design-Master-Class-/Prototype Build/PowerOfStorytelling/Intermediate/AssetRegistryCache/866581fd.bin
[2020.04.14-09.57.15:095][  0]LogAssetRegistry: Error: Failed to open file for write ../../../../../../Users/Dayaon/Desktop/Design-Master-Class-/Prototype Build/PowerOfStorytelling/Intermediate/AssetRegistryCache/c9e91a3f.bin
[2020.04.14-09.57.15:130][  0]LogAssetRegistry: Error: Failed to open file for write ../../../../../../Users/Dayaon/Desktop/Design-Master-Class-/Prototype Build/PowerOfStorytelling/Intermediate/AssetRegistryCache/6e4a5115.bin
[2020.04.14-09.57.15:202][  0]LogAssetRegistry: Error: Failed to open file for write ../../../../../../Users/Dayaon/Desktop/Design-Master-Class-/Prototype Build/PowerOfStorytelling/Intermediate/AssetRegistryCache/e496c563.bin
[2020.04.14-09.57.15:482][  0]LogAssetRegistry: Error: Failed to open file for write ../../../../../../Users/Dayaon/Desktop/Design-Master-Class-/Prototype Build/PowerOfStorytelling/Intermediate/AssetRegistryCache/52ed2538.bin
[2020.04.14-09.57.15:491][  0]LogFileManager: Warning: MoveFile was unable to move '../../../../../../Users/Dayaon/Desktop/Design-Master-Class-/Prototype Build/PowerOfStorytelling/Intermediate/AssetRegistryCache/f0d5030c.bin.tmp' to '../../../../../../Users/Dayaon/Desktop/Design-Master-Class-/Prototype Build/PowerOfStorytelling/Intermediate/AssetRegistryCache/f0d5030c.bin', retrying in .5s...
[2020.04.14-09.57.15:992][  0]LogFileManager: Warning: MoveFile was unable to move '../../../../../../Users/Dayaon/Desktop/Design-Master-Class-/Prototype Build/PowerOfStorytelling/Intermediate/AssetRegistryCache/f0d5030c.bin.tmp' to '../../../../../../Users/Dayaon/Desktop/Design-Master-Class-/Prototype Build/PowerOfStorytelling/Intermediate/AssetRegistryCache/f0d5030c.bin', retrying in .5s...
[2020.04.14-09.57.16:493][  0]LogFileManager: Warning: MoveFile was unable to move '../../../../../../Users/Dayaon/Desktop/Design-Master-Class-/Prototype Build/PowerOfStorytelling/Intermediate/AssetRegistryCache/f0d5030c.bin.tmp' to '../../../../../../Users/Dayaon/Desktop/Design-Master-Class-/Prototype Build/PowerOfStorytelling/Intermediate/AssetRegistryCache/f0d5030c.bin', retrying in .5s...
[2020.04.14-09.57.16:995][  0]LogFileManager: Warning: MoveFile was unable to move '../../../../../../Users/Dayaon/Desktop/Design-Master-Class-/Prototype Build/PowerOfStorytelling/Intermediate/AssetRegistryCache/f0d5030c.bin.tmp' to '../../../../../../Users/Dayaon/Desktop/Design-Master-Class-/Prototype Build/PowerOfStorytelling/Intermediate/AssetRegistryCache/f0d5030c.bin', retrying in .5s...
[2020.04.14-09.57.17:495][  0]LogFileManager: Warning: MoveFile was unable to move '../../../../../../Users/Dayaon/Desktop/Design-Master-Class-/Prototype Build/PowerOfStorytelling/Intermediate/AssetRegistryCache/f0d5030c.bin.tmp' to '../../../../../../Users/Dayaon/Desktop/Design-Master-Class-/Prototype Build/PowerOfStorytelling/Intermediate/AssetRegistryCache/f0d5030c.bin', retrying in .5s...
[2020.04.14-09.57.17:996][  0]LogFileManager: Warning: MoveFile was unable to move '../../../../../../Users/Dayaon/Desktop/Design-Master-Class-/Prototype Build/PowerOfStorytelling/Intermediate/AssetRegistryCache/f0d5030c.bin.tmp' to '../../../../../../Users/Dayaon/Desktop/Design-Master-Class-/Prototype Build/PowerOfStorytelling/Intermediate/AssetRegistryCache/f0d5030c.bin', retrying in .5s...
[2020.04.14-09.57.18:497][  0]LogFileManager: Warning: MoveFile was unable to move '../../../../../../Users/Dayaon/Desktop/Design-Master-Class-/Prototype Build/PowerOfStorytelling/Intermediate/AssetRegistryCache/f0d5030c.bin.tmp' to '../../../../../../Users/Dayaon/Desktop/Design-Master-Class-/Prototype Build/PowerOfStorytelling/Intermediate/AssetRegistryCache/f0d5030c.bin', retrying in .5s...
[2020.04.14-09.57.18:998][  0]LogFileManager: Warning: MoveFile was unable to move '../../../../../../Users/Dayaon/Desktop/Design-Master-Class-/Prototype Build/PowerOfStorytelling/Intermediate/AssetRegistryCache/f0d5030c.bin.tmp' to '../../../../../../Users/Dayaon/Desktop/Design-Master-Class-/Prototype Build/PowerOfStorytelling/Intermediate/AssetRegistryCache/f0d5030c.bin', retrying in .5s...
[2020.04.14-09.57.19:499][  0]LogFileManager: Warning: MoveFile was unable to move '../../../../../../Users/Dayaon/Desktop/Design-Master-Class-/Prototype Build/PowerOfStorytelling/Intermediate/AssetRegistryCache/f0d5030c.bin.tmp' to '../../../../../../Users/Dayaon/Desktop/Design-Master-Class-/Prototype Build/PowerOfStorytelling/Intermediate/AssetRegistryCache/f0d5030c.bin', retrying in .5s...
[2020.04.14-09.57.20:000][  0]LogFileManager: Warning: MoveFile was unable to move '../../../../../../Users/Dayaon/Desktop/Design-Master-Class-/Prototype Build/PowerOfStorytelling/Intermediate/AssetRegistryCache/f0d5030c.bin.tmp' to '../../../../../../Users/Dayaon/Desktop/Design-Master-Class-/Prototype Build/PowerOfStorytelling/Intermediate/AssetRegistryCache/f0d5030c.bin', retrying in .5s...
[2020.04.14-09.57.20:501][  0]LogFileManager: Error: Error moving file '../../../../../../Users/Dayaon/Desktop/Design-Master-Class-/Prototype Build/PowerOfStorytelling/Intermediate/AssetRegistryCache/f0d5030c.bin.tmp' to '../../../../../../Users/Dayaon/Desktop/Design-Master-Class-/Prototype Build/PowerOfStorytelling/Intermediate/AssetRegistryCache/f0d5030c.bin'.
[2020.04.14-09.57.20:511][  0]LogPackageLocalizationCache: Processed 12 localized package path(s) for 1 prioritized culture(s) in 5.958048 seconds
[2020.04.14-09.57.20:522][  0]LogUObjectArray: 43444 objects as part of root set at end of initial load.
[2020.04.14-09.57.20:522][  0]LogUObjectAllocator: 7548648 out of 0 bytes used by permanent object pool.
[2020.04.14-09.57.20:522][  0]LogUObjectArray: CloseDisregardForGC: 0/0 objects in disregard for GC pool
[2020.04.14-10.00.13:484][  0]LogTcpMessaging: Initializing TcpMessaging bridge
[2020.04.14-10.00.14:626][  0]LogUdpMessaging: Initializing bridge on interface 0.0.0.0:0 to multicast group 230.0.0.1:6666.
[2020.04.14-10.00.23:007][  0]SourceControl: Source control is disabled
[2020.04.14-10.00.23:007][  0]SourceControl: Source control is disabled
[2020.04.14-10.00.23:677][  0]SourceControl: Source control is disabled
[2020.04.14-10.00.23:989][  0]SourceControl: Source control is disabled
[2020.04.14-10.00.36:295][  0]LogAssetRegistry: Error: Failed to open file for write ../../../../../../Users/Dayaon/Desktop/Design-Master-Class-/Prototype Build/PowerOfStorytelling/Intermediate/CachedAssetRegistry.bin
[2020.04.14-10.00.46:688][  0]LogAndroidPermission: UAndroidPermissionCallbackProxy::GetInstance
[2020.04.14-10.00.55:058][  0]LogOcInput: OculusInput pre-init called
[2020.04.14-10.00.55:746][  0]LogWindows: Failed to load 'OVRPlugin.dll' (GetLastError=126)
[2020.04.14-10.00.55:746][  0]LogWindows: File 'OVRPlugin.dll' does not exist
[2020.04.14-10.00.56:714][  0]LogEngine: Initializing Engine...
[2020.04.14-10.00.56:717][  0]LogHMD: Failed to initialize OpenVR with code 110
[2020.04.14-10.00.56:720][  0]LogStats: UGameplayTagsManager::InitializeManager -  0.000 s
[2020.04.14-10.00.57:426][  0]LogInit: Initializing FReadOnlyCVARCache
[2020.04.14-10.00.57:846][  0]LogAIModule: Creating AISystem for world Untitled
[2020.04.14-10.00.58:181][  0]LogInit: XAudio2 using 'Speakers (Logitech G930 Headset)' : 2 channels at 48 kHz using 16 bits per sample (channel mask 0x3)
[2020.04.14-10.00.59:016][  0]LogInit: FAudioDevice initialized.
[2020.04.14-10.00.59:017][  0]LogNetVersion: Set ProjectVersion to 1.0.0.0. Version Checksum will be recalculated on next use.
[2020.04.14-10.00.59:767][  0]LogDerivedDataCache: Saved boot cache 0.75s 74MB C:/Users/Dayaon/AppData/Local/UnrealEngine/4.23/DerivedDataCache/Boot.ddc.
[2020.04.14-10.00.59:781][  0]LogInit: Texture streaming: Enabled
[2020.04.14-10.01.03:777][  0]LogEngineSessionManager: EngineSessionManager initialized
[2020.04.14-10.01.03:777][  0]LogEditorSessionSummary: Verbose: Initializing EditorSessionSummaryWriter for editor session tracking
[2020.04.14-10.01.03:780][  0]LogEditorSessionSummary: EditorSessionSummaryWriter initialized
[2020.04.14-10.01.06:510][  0]LogInit: Transaction tracking system initialized
[2020.04.14-10.01.09:179][  0]BlueprintLog: New page: Editor Load
[2020.04.14-10.01.39:672][  0]LocalizationService: Localization service is disabled
[2020.04.14-10.02.01:517][  0]LogFileCache: Scanning file cache for directory 'C:/Users/Dayaon/Desktop/Design-Master-Class-/Prototype Build/PowerOfStorytelling/Content/' took 0.14s
[2020.04.14-10.02.01:517][  0]LogCook: Display: Max memory allowance for cook 16384mb min free memory 0mb
[2020.04.14-10.02.01:517][  0]LogCook: Display: Mobile HDR setting 0
[2020.04.14-10.02.43:515][  0]LogDerivedDataCache: FFileSystemDerivedDataBackend: Move collision, attempt at redundant update, OK C:/Users/Dayaon/AppData/Local/UnrealEngine/Common/DerivedDataCache/1/2/4/MESHDATAKEY_STATICMESH_6E342F4997294EBEA9FB3ED1E8CF5D3B_2157D1F4844CE3E70070CA7D58D10412.udd.
[2020.04.14-10.02.43:515][  0]LogDerivedDataCache: FFileSystemDerivedDataBackend: Move collision, attempt at redundant update, OK C:/Users/Dayaon/AppData/Local/UnrealEngine/Common/DerivedDataCache/0/0/9/MESHDATAKEY_STATICMESH_6E342F4997294EBEA9FB3ED1E8CF5D3B_8027C826C57AD83DD7B1640694B248F9.udd.
[2020.04.14-10.02.51:919][  0]SourceControl: Source control is disabled
[2020.04.14-10.02.51:919][  0]Cmd: MAP LOAD FILE="../../../../../../Users/Dayaon/Desktop/Design-Master-Class-/Prototype Build/PowerOfStorytelling/Content/PuzzleBP/Maps/PrototypeMap.umap" TEMPLATE=0 SHOWPROGRESS=1 FEATURELEVEL=3
[2020.04.14-10.02.51:920][  0]LightingResults: New page: Lighting Build
[2020.04.14-10.02.51:925][  0]LogWorld: UWorld::CleanupWorld for Untitled, bSessionEnded=true, bCleanupResources=true
[2020.04.14-10.02.51:926][  0]MapCheck: New page: Map Check
[2020.04.14-10.02.51:926][  0]LightingResults: New page: Lighting Build
[2020.04.14-10.02.51:978][  0]LogUObjectHash: Compacting FUObjectHashTables data took   3.00ms
[2020.04.14-10.02.53:420][  0]LogTexture: Display: Building textures: HQ_Lightmap0_2 (AutoDXT, 64X64)
[2020.04.14-10.02.53:420][  0]LogTexture: Display: Building textures: HQ_Lightmap0_1 (AutoDXT, 512X512)
[2020.04.14-10.02.53:420][  0]LogTexture: Display: Building textures: LQ_Lightmap_0_1 (DXT1, 512X512)
[2020.04.14-10.02.53:420][  0]LogTexture: Display: Building textures: LQ_Lightmap_0_2 (DXT1, 64X64)
[2020.04.14-10.02.53:420][  0]LogTexture: Display: Building textures: SkyOcclusion0_2 (AutoDXT, 64X32)
[2020.04.14-10.02.53:420][  0]LogTexture: Display: Building textures: SkyOcclusion0_1 (AutoDXT, 512X256)
[2020.04.14-10.02.53:420][  0]LogTexture: Display: Building textures: ShadowMapTexture2D_0 (G8, 256X256)
[2020.04.14-10.02.53:420][  0]LogTexture: Display: Building textures: ShadowMapTexture2D_1 (G8, 32X32)
[2020.04.14-10.02.53:420][  0]LogTexture: Display: Building textures: the_queen_anne_closet_button (AutoDXT, 1024X1024)
[2020.04.14-10.02.53:420][  0]LogTexture: Display: Building textures: the_queen_anne_closet_hover (AutoDXT, 1024X1024)
[2020.04.14-10.02.53:420][  0]LogMaterial: Display: Missing cached shader map for material CubeMaterial, compiling. 
[2020.04.14-10.02.53:629][  0]LogShaderCompilers: Display: Worker (1/3): shaders left to compile 31
[2020.04.14-10.02.53:629][  0]LogShaderCompilers: Display: Worker (2/3): shaders left to compile 21
[2020.04.14-10.02.53:629][  0]LogShaderCompilers: Display: Worker (3/3): shaders left to compile 11
[2020.04.14-10.02.53:629][  0]LogTexture: Display: Building textures: front_hall_hover (AutoDXT, 1024X1024)
[2020.04.14-10.02.54:061][  0]LogTexture: Display: Building textures: rococo_room (AutoDXT, 1024X1024)
[2020.04.14-10.02.54:069][  0]LogMaterial: Display: Missing cached shader map for material NewMaterial, compiling. 
[2020.04.14-10.02.55:701][  0]LogTexture: Display: Building textures: rococo_room_hover (AutoDXT, 1024X1024)
[2020.04.14-10.02.55:701][  0]LogTexture: Display: Building textures: Painting_Gallery_hover (AutoDXT, 1024X1024)
[2020.04.14-10.02.55:701][  0]LogTexture: Display: Building textures: Painting_Gallery_button (AutoDXT, 1024X1024)
[2020.04.14-10.02.55:701][  0]LogTexture: Display: Building textures: front_hall_button (AutoDXT, 1024X1024)
[2020.04.14-10.02.55:703][  0]LogAIModule: Creating AISystem for world PrototypeMap
[2020.04.14-10.02.55:766][  0]LogEditorServer: Finished looking for orphan Actors (0.000 secs)
[2020.04.14-10.02.56:983][  0]LogDerivedDataCache: FFileSystemDerivedDataBackend: Move collision, attempt at redundant update, OK C:/Users/Dayaon/AppData/Local/UnrealEngine/Common/DerivedDataCache/6/4/2/TEXTURE_68A083899C6F4316B8CE0E2958EDE2C2_DXT1_7279EF0C47C73B4EC9AABBA83CA7B90A__405B03D64FFB0632A743C97307AA73B77A2F1828.udd.
[2020.04.14-10.02.58:984][  0]LogDerivedDataCache: FFileSystemDerivedDataBackend: Move collision, attempt at redundant update, OK C:/Users/Dayaon/AppData/Local/UnrealEngine/Common/DerivedDataCache/3/1/1/TEXTURE_68A083899C6F4316B8CE0E2958EDE2C2_AUTODXT_04F090A64E5B56C0D8B6E3A05D040__CDE0FED2DA712D6BB93FD24E2A8D8FD86E0DCDF5.udd.
[2020.04.14-10.03.04:501][  0]LogUObjectHash: Compacting FUObjectHashTables data took   4.18ms
[2020.04.14-10.03.04:758][  0]Cmd: MAP CHECKDEP NOCLEARLOG
[2020.04.14-10.03.04:899][  0]MapCheck: Map check complete: 0 Error(s), 0 Warning(s), took 139.903ms to complete.
[2020.04.14-10.03.04:899][  0]LogFileHelpers: Loading map 'PrototypeMap' took 12.979
[2020.04.14-10.03.08:249][  0]LogSlate: Updating window title bar state: overlay mode, drag disabled, window buttons hidden, title bar hidden
[2020.04.14-10.03.08:360][  0]LogSlate: Updating window title bar state: overlay mode, drag disabled, window buttons hidden, title bar hidden
[2020.04.14-10.03.08:379][  0]LogSlate: Updating window title bar state: overlay mode, drag disabled, window buttons hidden, title bar hidden
[2020.04.14-10.03.08:398][  0]LogSlate: Updating window title bar state: overlay mode, drag disabled, window buttons hidden, title bar hidden
[2020.04.14-10.03.09:264][  0]LogCollectionManager: Loaded 0 collections in 0.004958 seconds
[2020.04.14-10.03.09:561][  0]LogFileCache: Scanning file cache for directory 'C:/Users/Dayaon/Desktop/Design-Master-Class-/Prototype Build/PowerOfStorytelling/Saved/Collections/' took 0.06s
[2020.04.14-10.03.09:561][  0]LogFileCache: Scanning file cache for directory 'C:/Users/Dayaon/Desktop/Design-Master-Class-/Prototype Build/PowerOfStorytelling/Content/Developers/Dayaon/Collections/' took 0.08s
[2020.04.14-10.03.09:561][  0]LogFileCache: Scanning file cache for directory 'C:/Users/Dayaon/Desktop/Design-Master-Class-/Prototype Build/PowerOfStorytelling/Content/Collections/' took 0.05s
[2020.04.14-10.03.09:561][  0]LogCollectionManager: Rebuilt the GUID cache for 0 collections in 0.000002 seconds
[2020.04.14-10.03.09:580][  0]LogContentBrowser: Native class hierarchy populated in 0.0180 seconds. Added 2863 classes and 680 folders.
[2020.04.14-10.03.09:852][  0]LogContentBrowser: Native class hierarchy updated for 'WidgetCarousel' in 0.0003 seconds. Added 0 classes and 0 folders.
[2020.04.14-10.03.31:297][  0]LogContentBrowser: Native class hierarchy updated for 'AddContentDialog' in 0.0004 seconds. Added 0 classes and 0 folders.
[2020.04.14-10.03.37:800][  0]LogContentBrowser: Native class hierarchy updated for 'SceneOutliner' in 0.0004 seconds. Added 1 classes and 2 folders.
[2020.04.14-10.03.40:152][  0]LogSlate: Took 0.175256 seconds to synchronously load lazily loaded font '../../../Engine/Content/Slate/Fonts/Roboto-Regular.ttf' (155K)
[2020.04.14-10.03.40:883][  0]LogSlate: Took 0.127855 seconds to synchronously load lazily loaded font '../../../Engine/Content/Slate/Fonts/Roboto-Bold.ttf' (160K)
[2020.04.14-10.03.42:126][  0]LogSlate: Took 0.025195 seconds to synchronously load lazily loaded font '../../../Engine/Content/Editor/Slate/Fonts/FontAwesome.ttf' (139K)
[2020.04.14-10.04.49:498][  0]LogRenderer: Reallocating scene render targets to support 856x396 Format 10 NumSamples 1 (Frame:1).
